       4 ./static_data/constants.js
      18 ./static_data/confidence.js
      14 ./static_data/posture.js
      30 ./static_data/columns_LPS.js
       2 ./static_data/const.js
      20 ./static_data/status.js
      24 ./static_data/behaviors.js
      57 ./static_data/behaviors_LPS.js
      71 ./static_data/columns.js
      59 ./static_data/combined_dat.js
      61 ./processing/download.js
      36 ./processing/extract_framerate.js
      54 ./processing/actions.js
       0 ./processing/misc.js
     138 ./processing/annotation-processing.js
     126 ./processing/exporting_annotation.js
      38 ./processing/video_to_frame.js
      11 ./store.js
      46 ./ui_elements/Components/instructions.js
      33 ./ui_elements/Components/fabric_canvas.js
      28 ./ui_elements/Components/video_player.js
     271 ./ui_elements/Components/nav_bar_multiview.js
     159 ./ui_elements/Components/fabric_setup.js
     104 ./ui_elements/Components/annot_table.js
      82 ./ui_elements/Components/process_video.js
     274 ./ui_elements/Components/nav_bar.js
     136 ./ui_elements/Components/change_table.js
     864 ./ui_elements/Pages/main_upload.js
     820 ./ui_elements/Pages/main_muiltiview.js
      84 ./ui_elements/Pages/selection_screen.js
      36 ./index.js
       0 ./reducer/media_inputs.js
       0 ./reducer/duration.js
      30 ./reducer/frame_data.js
       0 ./reducer/playbackrate.js
       0 ./reducer/box_count.js
      19 ./reducer/column_annot.js
       0 ./reducer/playing.js
       0 ./reducer/current_frame.js
      32 ./reducer/annotation_data.js
      71 ./annotations/key_point.js
     130 ./annotations/segmentation_edit.js
     261 ./annotations/segmentation.js
     133 ./annotations/bounding_box.js
      56 ./tensorflow/ObjectDetection.js
      58 ./tensorflow/SemanticSegmentation.js
     141 ./serviceWorker.js
       5 ./setupTests.js
      29 ./fabric_types/fabric_boundingbox.js
       0 ./fabric_types/fabric_segmentation.js
      29 ./App.js
    4694 total
